<?xml version="1.0" encoding="UTF-8"?>
<testsuite xmlns:xsi="http://www.w3.org/2001/XMLSchema-instance" xsi:noNamespaceSchemaLocation="https://maven.apache.org/surefire/maven-surefire-plugin/xsd/surefire-test-report-3.0.xsd" version="3.0" name="TestSuite" time="31.151" tests="5" errors="0" skipped="0" failures="1">
  <properties>
    <property name="sun.desktop" value="windows"/>
    <property name="awt.toolkit" value="sun.awt.windows.WToolkit"/>
    <property name="file.encoding.pkg" value="sun.io"/>
    <property name="java.specification.version" value="1.8"/>
    <property name="webdriver.chrome.driver" value="C:\Users\daniel.vozniuk\eclipse-workspace-selen\E2EProject\src\main\java\resources\chromedriver.exe"/>
    <property name="sun.cpu.isalist" value="amd64"/>
    <property name="sun.jnu.encoding" value="Cp1252"/>
    <property name="java.class.path" value="C:\Users\daniel.vozniuk\eclipse-workspace-selen\E2EProject\target\test-classes;C:\Users\daniel.vozniuk\eclipse-workspace-selen\E2EProject\target\classes;C:\Users\daniel.vozniuk\.m2\repository\commons-io\commons-io\2.7\commons-io-2.7.jar;C:\Users\daniel.vozniuk\.m2\repository\org\seleniumhq\selenium\selenium-java\3.6.0\selenium-java-3.6.0.jar;C:\Users\daniel.vozniuk\.m2\repository\org\seleniumhq\selenium\selenium-api\3.6.0\selenium-api-3.6.0.jar;C:\Users\daniel.vozniuk\.m2\repository\org\seleniumhq\selenium\selenium-chrome-driver\3.6.0\selenium-chrome-driver-3.6.0.jar;C:\Users\daniel.vozniuk\.m2\repository\org\seleniumhq\selenium\selenium-edge-driver\3.6.0\selenium-edge-driver-3.6.0.jar;C:\Users\daniel.vozniuk\.m2\repository\org\seleniumhq\selenium\selenium-firefox-driver\3.6.0\selenium-firefox-driver-3.6.0.jar;C:\Users\daniel.vozniuk\.m2\repository\org\seleniumhq\selenium\selenium-ie-driver\3.6.0\selenium-ie-driver-3.6.0.jar;C:\Users\daniel.vozniuk\.m2\repository\org\seleniumhq\selenium\selenium-opera-driver\3.6.0\selenium-opera-driver-3.6.0.jar;C:\Users\daniel.vozniuk\.m2\repository\org\seleniumhq\selenium\selenium-remote-driver\3.6.0\selenium-remote-driver-3.6.0.jar;C:\Users\daniel.vozniuk\.m2\repository\org\seleniumhq\selenium\selenium-safari-driver\3.6.0\selenium-safari-driver-3.6.0.jar;C:\Users\daniel.vozniuk\.m2\repository\org\seleniumhq\selenium\selenium-support\3.6.0\selenium-support-3.6.0.jar;C:\Users\daniel.vozniuk\.m2\repository\net\bytebuddy\byte-buddy\1.7.5\byte-buddy-1.7.5.jar;C:\Users\daniel.vozniuk\.m2\repository\org\apache\commons\commons-exec\1.3\commons-exec-1.3.jar;C:\Users\daniel.vozniuk\.m2\repository\commons-codec\commons-codec\1.10\commons-codec-1.10.jar;C:\Users\daniel.vozniuk\.m2\repository\commons-logging\commons-logging\1.2\commons-logging-1.2.jar;C:\Users\daniel.vozniuk\.m2\repository\com\google\code\gson\gson\2.8.0\gson-2.8.0.jar;C:\Users\daniel.vozniuk\.m2\repository\com\google\guava\guava\23.0\guava-23.0.jar;C:\Users\daniel.vozniuk\.m2\repository\com\google\code\findbugs\jsr305\1.3.9\jsr305-1.3.9.jar;C:\Users\daniel.vozniuk\.m2\repository\com\google\errorprone\error_prone_annotations\2.0.18\error_prone_annotations-2.0.18.jar;C:\Users\daniel.vozniuk\.m2\repository\com\google\j2objc\j2objc-annotations\1.1\j2objc-annotations-1.1.jar;C:\Users\daniel.vozniuk\.m2\repository\org\codehaus\mojo\animal-sniffer-annotations\1.14\animal-sniffer-annotations-1.14.jar;C:\Users\daniel.vozniuk\.m2\repository\org\apache\httpcomponents\httpclient\4.5.3\httpclient-4.5.3.jar;C:\Users\daniel.vozniuk\.m2\repository\org\apache\httpcomponents\httpcore\4.4.6\httpcore-4.4.6.jar;C:\Users\daniel.vozniuk\.m2\repository\net\java\dev\jna\jna\4.1.0\jna-4.1.0.jar;C:\Users\daniel.vozniuk\.m2\repository\net\java\dev\jna\jna-platform\4.1.0\jna-platform-4.1.0.jar;C:\Users\daniel.vozniuk\.m2\repository\org\apache\logging\log4j\log4j-api\2.13.3\log4j-api-2.13.3.jar;C:\Users\daniel.vozniuk\.m2\repository\org\apache\logging\log4j\log4j-core\2.13.3\log4j-core-2.13.3.jar;C:\Users\daniel.vozniuk\.m2\repository\org\testng\testng\7.1.0\testng-7.1.0.jar;C:\Users\daniel.vozniuk\.m2\repository\com\beust\jcommander\1.72\jcommander-1.72.jar;C:\Users\daniel.vozniuk\.m2\repository\com\google\inject\guice\4.1.0\guice-4.1.0-no_aop.jar;C:\Users\daniel.vozniuk\.m2\repository\javax\inject\javax.inject\1\javax.inject-1.jar;C:\Users\daniel.vozniuk\.m2\repository\aopalliance\aopalliance\1.0\aopalliance-1.0.jar;C:\Users\daniel.vozniuk\.m2\repository\org\yaml\snakeyaml\1.21\snakeyaml-1.21.jar;C:\Users\daniel.vozniuk\.m2\repository\junit\junit\4.11\junit-4.11.jar;C:\Users\daniel.vozniuk\.m2\repository\org\hamcrest\hamcrest-core\1.3\hamcrest-core-1.3.jar;C:\Users\daniel.vozniuk\.m2\repository\com\aventstack\extentreports\5.0.1\extentreports-5.0.1.jar;C:\Users\daniel.vozniuk\.m2\repository\io\reactivex\rxjava3\rxjava\3.0.4\rxjava-3.0.4.jar;C:\Users\daniel.vozniuk\.m2\repository\org\reactivestreams\reactive-streams\1.0.3\reactive-streams-1.0.3.jar;C:\Users\daniel.vozniuk\.m2\repository\org\freemarker\freemarker\2.3.30\freemarker-2.3.30.jar;C:\Users\daniel.vozniuk\.m2\repository\org\projectlombok\lombok\1.18.12\lombok-1.18.12.jar;"/>
    <property name="java.vm.vendor" value="Oracle Corporation"/>
    <property name="sun.arch.data.model" value="64"/>
    <property name="user.variant" value=""/>
    <property name="java.vendor.url" value="http://java.oracle.com/"/>
    <property name="user.timezone" value="America/Los_Angeles"/>
    <property name="java.vm.specification.version" value="1.8"/>
    <property name="os.name" value="Windows 10"/>
    <property name="user.country" value="US"/>
    <property name="sun.java.launcher" value="SUN_STANDARD"/>
    <property name="sun.boot.library.path" value="C:\Program Files\Java\jdk1.8.0_231\jre\bin"/>
    <property name="sun.java.command" value="C:\Users\daniel.vozniuk\AppData\Local\Temp\surefire5441655429930942441\surefirebooter528737874738177717.jar C:\Users\daniel.vozniuk\AppData\Local\Temp\surefire5441655429930942441 2020-09-25T01-08-33_694-jvmRun1 surefire6930132133264610325tmp surefire_04341915101951029284tmp"/>
    <property name="surefire.test.class.path" value="C:\Users\daniel.vozniuk\eclipse-workspace-selen\E2EProject\target\test-classes;C:\Users\daniel.vozniuk\eclipse-workspace-selen\E2EProject\target\classes;C:\Users\daniel.vozniuk\.m2\repository\commons-io\commons-io\2.7\commons-io-2.7.jar;C:\Users\daniel.vozniuk\.m2\repository\org\seleniumhq\selenium\selenium-java\3.6.0\selenium-java-3.6.0.jar;C:\Users\daniel.vozniuk\.m2\repository\org\seleniumhq\selenium\selenium-api\3.6.0\selenium-api-3.6.0.jar;C:\Users\daniel.vozniuk\.m2\repository\org\seleniumhq\selenium\selenium-chrome-driver\3.6.0\selenium-chrome-driver-3.6.0.jar;C:\Users\daniel.vozniuk\.m2\repository\org\seleniumhq\selenium\selenium-edge-driver\3.6.0\selenium-edge-driver-3.6.0.jar;C:\Users\daniel.vozniuk\.m2\repository\org\seleniumhq\selenium\selenium-firefox-driver\3.6.0\selenium-firefox-driver-3.6.0.jar;C:\Users\daniel.vozniuk\.m2\repository\org\seleniumhq\selenium\selenium-ie-driver\3.6.0\selenium-ie-driver-3.6.0.jar;C:\Users\daniel.vozniuk\.m2\repository\org\seleniumhq\selenium\selenium-opera-driver\3.6.0\selenium-opera-driver-3.6.0.jar;C:\Users\daniel.vozniuk\.m2\repository\org\seleniumhq\selenium\selenium-remote-driver\3.6.0\selenium-remote-driver-3.6.0.jar;C:\Users\daniel.vozniuk\.m2\repository\org\seleniumhq\selenium\selenium-safari-driver\3.6.0\selenium-safari-driver-3.6.0.jar;C:\Users\daniel.vozniuk\.m2\repository\org\seleniumhq\selenium\selenium-support\3.6.0\selenium-support-3.6.0.jar;C:\Users\daniel.vozniuk\.m2\repository\net\bytebuddy\byte-buddy\1.7.5\byte-buddy-1.7.5.jar;C:\Users\daniel.vozniuk\.m2\repository\org\apache\commons\commons-exec\1.3\commons-exec-1.3.jar;C:\Users\daniel.vozniuk\.m2\repository\commons-codec\commons-codec\1.10\commons-codec-1.10.jar;C:\Users\daniel.vozniuk\.m2\repository\commons-logging\commons-logging\1.2\commons-logging-1.2.jar;C:\Users\daniel.vozniuk\.m2\repository\com\google\code\gson\gson\2.8.0\gson-2.8.0.jar;C:\Users\daniel.vozniuk\.m2\repository\com\google\guava\guava\23.0\guava-23.0.jar;C:\Users\daniel.vozniuk\.m2\repository\com\google\code\findbugs\jsr305\1.3.9\jsr305-1.3.9.jar;C:\Users\daniel.vozniuk\.m2\repository\com\google\errorprone\error_prone_annotations\2.0.18\error_prone_annotations-2.0.18.jar;C:\Users\daniel.vozniuk\.m2\repository\com\google\j2objc\j2objc-annotations\1.1\j2objc-annotations-1.1.jar;C:\Users\daniel.vozniuk\.m2\repository\org\codehaus\mojo\animal-sniffer-annotations\1.14\animal-sniffer-annotations-1.14.jar;C:\Users\daniel.vozniuk\.m2\repository\org\apache\httpcomponents\httpclient\4.5.3\httpclient-4.5.3.jar;C:\Users\daniel.vozniuk\.m2\repository\org\apache\httpcomponents\httpcore\4.4.6\httpcore-4.4.6.jar;C:\Users\daniel.vozniuk\.m2\repository\net\java\dev\jna\jna\4.1.0\jna-4.1.0.jar;C:\Users\daniel.vozniuk\.m2\repository\net\java\dev\jna\jna-platform\4.1.0\jna-platform-4.1.0.jar;C:\Users\daniel.vozniuk\.m2\repository\org\apache\logging\log4j\log4j-api\2.13.3\log4j-api-2.13.3.jar;C:\Users\daniel.vozniuk\.m2\repository\org\apache\logging\log4j\log4j-core\2.13.3\log4j-core-2.13.3.jar;C:\Users\daniel.vozniuk\.m2\repository\org\testng\testng\7.1.0\testng-7.1.0.jar;C:\Users\daniel.vozniuk\.m2\repository\com\beust\jcommander\1.72\jcommander-1.72.jar;C:\Users\daniel.vozniuk\.m2\repository\com\google\inject\guice\4.1.0\guice-4.1.0-no_aop.jar;C:\Users\daniel.vozniuk\.m2\repository\javax\inject\javax.inject\1\javax.inject-1.jar;C:\Users\daniel.vozniuk\.m2\repository\aopalliance\aopalliance\1.0\aopalliance-1.0.jar;C:\Users\daniel.vozniuk\.m2\repository\org\yaml\snakeyaml\1.21\snakeyaml-1.21.jar;C:\Users\daniel.vozniuk\.m2\repository\junit\junit\4.11\junit-4.11.jar;C:\Users\daniel.vozniuk\.m2\repository\org\hamcrest\hamcrest-core\1.3\hamcrest-core-1.3.jar;C:\Users\daniel.vozniuk\.m2\repository\com\aventstack\extentreports\5.0.1\extentreports-5.0.1.jar;C:\Users\daniel.vozniuk\.m2\repository\io\reactivex\rxjava3\rxjava\3.0.4\rxjava-3.0.4.jar;C:\Users\daniel.vozniuk\.m2\repository\org\reactivestreams\reactive-streams\1.0.3\reactive-streams-1.0.3.jar;C:\Users\daniel.vozniuk\.m2\repository\org\freemarker\freemarker\2.3.30\freemarker-2.3.30.jar;C:\Users\daniel.vozniuk\.m2\repository\org\projectlombok\lombok\1.18.12\lombok-1.18.12.jar;"/>
    <property name="sun.cpu.endian" value="little"/>
    <property name="user.home" value="C:\Users\daniel.vozniuk"/>
    <property name="user.language" value="en"/>
    <property name="java.specification.vendor" value="Oracle Corporation"/>
    <property name="java.home" value="C:\Program Files\Java\jdk1.8.0_231\jre"/>
    <property name="basedir" value="C:\Users\daniel.vozniuk\eclipse-workspace-selen\E2EProject"/>
    <property name="file.separator" value="\"/>
    <property name="line.separator" value="&#10;"/>
    <property name="java.vm.specification.vendor" value="Oracle Corporation"/>
    <property name="java.specification.name" value="Java Platform API Specification"/>
    <property name="java.awt.graphicsenv" value="sun.awt.Win32GraphicsEnvironment"/>
    <property name="surefire.real.class.path" value="C:\Users\daniel.vozniuk\AppData\Local\Temp\surefire5441655429930942441\surefirebooter528737874738177717.jar"/>
    <property name="sun.boot.class.path" value="C:\Program Files\Java\jdk1.8.0_231\jre\lib\resources.jar;C:\Program Files\Java\jdk1.8.0_231\jre\lib\rt.jar;C:\Program Files\Java\jdk1.8.0_231\jre\lib\sunrsasign.jar;C:\Program Files\Java\jdk1.8.0_231\jre\lib\jsse.jar;C:\Program Files\Java\jdk1.8.0_231\jre\lib\jce.jar;C:\Program Files\Java\jdk1.8.0_231\jre\lib\charsets.jar;C:\Program Files\Java\jdk1.8.0_231\jre\lib\jfr.jar;C:\Program Files\Java\jdk1.8.0_231\jre\classes"/>
    <property name="user.script" value=""/>
    <property name="sun.management.compiler" value="HotSpot 64-Bit Tiered Compilers"/>
    <property name="java.runtime.version" value="1.8.0_231-b11"/>
    <property name="user.name" value="daniel.vozniuk"/>
    <property name="path.separator" value=";"/>
    <property name="os.version" value="10.0"/>
    <property name="java.endorsed.dirs" value="C:\Program Files\Java\jdk1.8.0_231\jre\lib\endorsed"/>
    <property name="java.runtime.name" value="Java(TM) SE Runtime Environment"/>
    <property name="file.encoding" value="Cp1252"/>
    <property name="browser" value="chrome"/>
    <property name="java.vm.name" value="Java HotSpot(TM) 64-Bit Server VM"/>
    <property name="localRepository" value="C:\Users\daniel.vozniuk\.m2\repository"/>
    <property name="java.vendor.url.bug" value="http://bugreport.sun.com/bugreport/"/>
    <property name="java.io.tmpdir" value="C:\Users\DANIEL~1.VOZ\AppData\Local\Temp\"/>
    <property name="java.version" value="1.8.0_231"/>
    <property name="user.dir" value="C:\Users\daniel.vozniuk\eclipse-workspace-selen\E2EProject"/>
    <property name="os.arch" value="amd64"/>
    <property name="java.vm.specification.name" value="Java Virtual Machine Specification"/>
    <property name="java.awt.printerjob" value="sun.awt.windows.WPrinterJob"/>
    <property name="sun.os.patch.level" value=""/>
    <property name="java.library.path" value="C:\Program Files\Java\jdk1.8.0_231\jre\bin;C:\Windows\Sun\Java\bin;C:\Windows\system32;C:\Windows;C:\Program Files (x86)\Common Files\Oracle\Java\javapath;C:\ProgramData\Oracle\Java\javapath;C:\Windows\system32;C:\Windows;C:\Windows\System32\Wbem;C:\Windows\System32\WindowsPowerShell\v1.0\;C:\Program Files (x86)\Shoreline Communications\ShoreWare Client\;C:\Program Files (x86)\Shoreline Communications\ShoreWare Client\win64;C:\Program Files\dotnet\;C:\Program Files\Microsoft SQL Server\130\Tools\Binn\;C:\Program Files\Java\jdk1.8.0_231\bin;C:\Program Files (x86)\IBM\Client Access\Emulator;C:\Program Files (x86)\IBM\Client Access\Shared;C:\Program Files (x86)\IBM\Client Access\;C:\Users\daniel.vozniuk\AppData\Local\Android\Sdk\tools\bin;C:\Users\daniel.vozniuk\AppData\Local\Android\Sdk\tools;C:\Users\daniel.vozniuk\AppData\Local\Android\Sdk\platform-tools;C:\Program Files\nodejs\;C:\Program Files\nodejs\node_modules\npm\bin;C:\Program Files\Android\Android Studio\jre\bin;C:\Users\daniel.vozniuk\AppData\Local\Android\Sdk\tools\bin;C:\Selen\apache-maven-3.6.3-bin\bin;C:\Users\daniel.vozniuk\AppData\Local\Microsoft\WindowsApps;C:\Users\daniel.vozniuk\.dotnet\tools;C:\Users\daniel.vozniuk\AppData\Roaming\npm;."/>
    <property name="java.vm.info" value="mixed mode"/>
    <property name="java.vendor" value="Oracle Corporation"/>
    <property name="java.vm.version" value="25.231-b11"/>
    <property name="java.ext.dirs" value="C:\Program Files\Java\jdk1.8.0_231\jre\lib\ext;C:\Windows\Sun\Java\lib\ext"/>
    <property name="sun.io.unicode.encoding" value="UnicodeLittle"/>
    <property name="java.class.version" value="52.0"/>
  </properties>
  <testcase name="validateAppNavBar" classname="Academy.E2EProject.ValidateNavbar" time="0.105">
    <system-out><![CDATA[chrome
chrome
chrome
01:08:41.528 [TestNG-tests-2] INFO  resources.base - Driver is initialized
01:08:41.528 [TestNG-tests-3] INFO  resources.base - Driver is initialized
01:08:41.992 [TestNG-tests-1] INFO  resources.base - Driver is initialized
01:08:51.709 [TestNG-tests-1] INFO  resources.base - Navigated to homepage
01:08:52.029 [TestNG-tests-2] INFO  resources.base - Navigated to homepage
01:08:52.111 [TestNG-tests-3] INFO  resources.base - Navigated to homepage
01:08:52.113 [TestNG-tests-3] INFO  resources.base - CHwcing sesond obe
01:08:53.040 [TestNG-tests-3] INFO  resources.base - Learn Hot tools like Selenium, Appium, JMeter, SoapUI,Database Testing and more.. 1
01:08:53.575 [TestNG-tests-2] INFO  resources.base - Validated if menu bar is present
]]></system-out>
    <system-err><![CDATA[Starting ChromeDriver 85.0.4183.87 (cd6713ebf92fa1cacc0f1a598df280093af0c5d7-refs/branch-heads/4183@{#1689}) on port 26426
Only local connections are allowed.
Please see https://chromedriver.chromium.org/security-considerations for suggestions on keeping ChromeDriver safe.
Starting ChromeDriver 85.0.4183.87 (cd6713ebf92fa1cacc0f1a598df280093af0c5d7-refs/branch-heads/4183@{#1689}) on port 15859
Only local connections are allowed.
Please see https://chromedriver.chromium.org/security-considerations for suggestions on keeping ChromeDriver safe.
ChromeDriver was started successfully.
Starting ChromeCDhrroimveerD ri8v5.e0r. 4w18a3.s8 7s t(acrdt6e7d1 3suecbcfe9ss2ffual1lcy.ac
c0f1a598df280093af0c5d7-refs/branch-heads/4183@{#1689}) on port 2156
Only local connections are allowed.
Please see https://chromedriver.chromium.org/security-considerations for suggestions on keeping ChromeDriver safe.
ChromeDriver was started successfully.
Sep 25, 2020 1:08:41 AM org.openqa.selenium.remote.ProtocolHandshake createSession
INFO: Detected dialect: W3C
Sep 25, 2020 1:08:41 AM org.openqa.selenium.remote.ProtocolHandshake createSession
INFO: Detected dialect: W3C
Sep 25, 2020 1:08:41 AM org.openqa.selenium.remote.ProtocolHandshake createSession
INFO: Detected dialect: W3C
]]></system-err>
  </testcase>
  <testcase name="validateHomeHeader" classname="Academy.E2EProject.ValidateTitle" time="0.135">
    <system-out><![CDATA[Learn Hot tools like Selenium, Appium, JMeter, SoapUI,Database Testing and more.. 2
01:08:53.858 [TestNG-tests-3] INFO  resources.base - Succeddfuly validated header text
]]></system-out>
  </testcase>
  <testcase name="validateHomeTitle" classname="Academy.E2EProject.ValidateTitle" time="0.011">
    <failure message="expected [FEATURED 12COURSESsd] but found [FEATURED COURSES]" type="java.lang.AssertionError"><![CDATA[java.lang.AssertionError: expected [FEATURED 12COURSESsd] but found [FEATURED COURSES]
	at Academy.E2EProject.ValidateTitle.validateHomeTitle(ValidateTitle.java:38)
]]></failure>
    <system-out><![CDATA[01:08:53.860 [TestNG-tests-3] INFO  resources.base - Verifiing text merssage
]]></system-out>
  </testcase>
  <testcase name="basePageNavig[nonrestrict@gmail.com, 123456, Non-restricted user](1)" classname="Academy.E2EProject.HomePage" time="5.951">
    <system-out><![CDATA[01:08:57.950 [TestNG-tests-1] INFO  resources.base - Non-restricted user
]]></system-out>
  </testcase>
  <testcase name="basePageNavig[restrict@gmail.com, 876543, Restricted user](2)" classname="Academy.E2EProject.HomePage" time="5.802">
    <system-out><![CDATA[01:09:02.172 [TestNG-tests-1] INFO  resources.base - Navigated to homepage
01:09:04.181 [TestNG-tests-1] INFO  resources.base - Restricted user
]]></system-out>
  </testcase>
</testsuite>