<?xml version="1.0" encoding="UTF-8"?>
<!-- Generated by org.testng.reporters.JUnitReportReporter -->
<testsuite skipped="0" hostname="NA-DVOZNIUK" name="Academy.E2EProject.ValidateNavbar" tests="1" failures="0" timestamp="2020-09-25T01:09:06 PDT" time="1.545" errors="0">
  <testcase name="validateAppNavBar" time="1.545" classname="Academy.E2EProject.ValidateNavbar"/>
  <system-out/>
</testsuite> <!-- Academy.E2EProject.ValidateNavbar -->
