<?xml version="1.0" encoding="UTF-8"?>
<!-- Generated by org.testng.reporters.JUnitReportReporter -->
<testsuite skipped="0" hostname="NA-DVOZNIUK" name="Academy.E2EProject.HomePage" tests="2" failures="0" timestamp="2020-09-25T01:09:06 PDT" time="23.789" errors="0">
  <testcase name="basePageNavig" time="5.855" classname="Academy.E2EProject.HomePage"/>
  <system-out/>
  <testcase name="basePageNavig" time="17.934" classname="Academy.E2EProject.HomePage"/>
  <system-out/>
</testsuite> <!-- Academy.E2EProject.HomePage -->
