<?xml version="1.0" encoding="UTF-8"?>
<!-- Generated by org.testng.reporters.JUnitReportReporter -->
<testsuite skipped="0" hostname="NA-DVOZNIUK" name="Academy.E2EProject.HomePage" tests="2" failures="0" timestamp="2020-11-18T23:47:33 PST" time="11.709" errors="0">
  <testcase name="basePageNavig" time="6.982" classname="Academy.E2EProject.HomePage"/>
  <system-out/>
  <testcase name="basePageNavig" time="4.727" classname="Academy.E2EProject.HomePage"/>
  <system-out/>
</testsuite> <!-- Academy.E2EProject.HomePage -->
